1
2024-06-29 10:21:28,066 - DEBUG - (0.000) 
                SELECT VERSION(),
                       @@sql_mode,
                       @@default_storage_engine,
                       @@sql_auto_is_null,
                       @@lower_case_table_names,
                       CONVERT_TZ('2001-01-01 01:00:00', 'UTC', 'UTC') IS NOT NULL
            ; args=None; alias=default
2024-06-29 10:21:28,068 - DEBUG - (0.000) SET SESSION TRANSACTION ISOLATION LEVEL READ COMMITTED; args=None; alias=default
2024-06-29 10:21:28,070 - DEBUG - (0.000) SELECT `base_user`.`id`, `base_user`.`last_login`, `base_user`.`is_superuser`, `base_user`.`username`, `base_user`.`first_name`, `base_user`.`last_name`, `base_user`.`is_staff`, `base_user`.`is_active`, `base_user`.`date_joined`, `base_user`.`password`, `base_user`.`email`, `base_user`.`address`, `base_user`.`birthdate` FROM `base_user` WHERE `base_user`.`username` = 'eddie' LIMIT 21; args=('eddie',); alias=default
2024-06-29 10:21:29,391 - INFO - "POST /login/ HTTP/1.1" 200 785
2024-06-29 10:21:29,440 - DEBUG - (0.000) SET SESSION TRANSACTION ISOLATION LEVEL READ COMMITTED; args=None; alias=default
2024-06-29 10:21:29,442 - DEBUG - (0.000) SELECT `base_user`.`id`, `base_user`.`last_login`, `base_user`.`is_superuser`, `base_user`.`username`, `base_user`.`first_name`, `base_user`.`last_name`, `base_user`.`is_staff`, `base_user`.`is_active`, `base_user`.`date_joined`, `base_user`.`password`, `base_user`.`email`, `base_user`.`address`, `base_user`.`birthdate` FROM `base_user` WHERE `base_user`.`id` = 3 LIMIT 21; args=(3,); alias=default
2024-06-29 10:21:29,444 - DEBUG - (0.000) SELECT `base_user`.`id`, `base_user`.`last_login`, `base_user`.`is_superuser`, `base_user`.`username`, `base_user`.`first_name`, `base_user`.`last_name`, `base_user`.`is_staff`, `base_user`.`is_active`, `base_user`.`date_joined`, `base_user`.`password`, `base_user`.`email`, `base_user`.`address`, `base_user`.`birthdate` FROM `base_user` WHERE `base_user`.`username` = 'eddie' LIMIT 21; args=('eddie',); alias=default
2024-06-29 10:21:29,448 - INFO - "GET /profile/ HTTP/1.1" 200 114
2024-06-29 10:21:42,773 - DEBUG - (0.000) SET SESSION TRANSACTION ISOLATION LEVEL READ COMMITTED; args=None; alias=default
2024-06-29 10:21:42,776 - DEBUG - (0.015) SELECT `base_user`.`id`, `base_user`.`last_login`, `base_user`.`is_superuser`, `base_user`.`username`, `base_user`.`first_name`, `base_user`.`last_name`, `base_user`.`is_staff`, `base_user`.`is_active`, `base_user`.`date_joined`, `base_user`.`password`, `base_user`.`email`, `base_user`.`address`, `base_user`.`birthdate` FROM `base_user` WHERE `base_user`.`id` = 3 LIMIT 21; args=(3,); alias=default
2024-06-29 10:21:42,778 - DEBUG - (0.000) SELECT `base_user`.`id`, `base_user`.`last_login`, `base_user`.`is_superuser`, `base_user`.`username`, `base_user`.`first_name`, `base_user`.`last_name`, `base_user`.`is_staff`, `base_user`.`is_active`, `base_user`.`date_joined`, `base_user`.`password`, `base_user`.`email`, `base_user`.`address`, `base_user`.`birthdate` FROM `base_user` WHERE `base_user`.`username` = 'eddie' LIMIT 21; args=('eddie',); alias=default
2024-06-29 10:21:42,781 - INFO - "GET /profile/ HTTP/1.1" 200 114
2024-06-29 10:29:14,929 - INFO - "OPTIONS /login/ HTTP/1.1" 200 0
2024-06-29 10:29:14,939 - DEBUG - (0.000) 
                SELECT VERSION(),
                       @@sql_mode,
                       @@default_storage_engine,
                       @@sql_auto_is_null,
                       @@lower_case_table_names,
                       CONVERT_TZ('2001-01-01 01:00:00', 'UTC', 'UTC') IS NOT NULL
            ; args=None; alias=default
2024-06-29 10:29:14,940 - DEBUG - (0.000) SET SESSION TRANSACTION ISOLATION LEVEL READ COMMITTED; args=None; alias=default
2024-06-29 10:29:14,942 - DEBUG - (0.000) SELECT `base_user`.`id`, `base_user`.`last_login`, `base_user`.`is_superuser`, `base_user`.`username`, `base_user`.`first_name`, `base_user`.`last_name`, `base_user`.`is_staff`, `base_user`.`is_active`, `base_user`.`date_joined`, `base_user`.`password`, `base_user`.`email`, `base_user`.`address`, `base_user`.`birthdate` FROM `base_user` WHERE `base_user`.`username` = 'fofo' LIMIT 21; args=('fofo',); alias=default
2024-06-29 10:29:16,246 - INFO - "POST /login/ HTTP/1.1" 200 795
2024-06-29 10:29:16,334 - INFO - "OPTIONS /profile/ HTTP/1.1" 200 0
2024-06-29 10:29:16,344 - DEBUG - (0.000) SET SESSION TRANSACTION ISOLATION LEVEL READ COMMITTED; args=None; alias=default
2024-06-29 10:29:16,345 - DEBUG - (0.000) SELECT `base_user`.`id`, `base_user`.`last_login`, `base_user`.`is_superuser`, `base_user`.`username`, `base_user`.`first_name`, `base_user`.`last_name`, `base_user`.`is_staff`, `base_user`.`is_active`, `base_user`.`date_joined`, `base_user`.`password`, `base_user`.`email`, `base_user`.`address`, `base_user`.`birthdate` FROM `base_user` WHERE `base_user`.`id` = 9 LIMIT 21; args=(9,); alias=default
2024-06-29 10:29:16,349 - DEBUG - (0.000) SELECT `base_user`.`id`, `base_user`.`last_login`, `base_user`.`is_superuser`, `base_user`.`username`, `base_user`.`first_name`, `base_user`.`last_name`, `base_user`.`is_staff`, `base_user`.`is_active`, `base_user`.`date_joined`, `base_user`.`password`, `base_user`.`email`, `base_user`.`address`, `base_user`.`birthdate` FROM `base_user` WHERE `base_user`.`username` = 'fofo' LIMIT 21; args=('fofo',); alias=default
2024-06-29 10:29:16,353 - INFO - "GET /profile/ HTTP/1.1" 200 118
2024-06-29 10:32:16,495 - DEBUG - (0.000) SET SESSION TRANSACTION ISOLATION LEVEL READ COMMITTED; args=None; alias=default
2024-06-29 10:32:16,497 - DEBUG - (0.000) SELECT `base_user`.`id`, `base_user`.`last_login`, `base_user`.`is_superuser`, `base_user`.`username`, `base_user`.`first_name`, `base_user`.`last_name`, `base_user`.`is_staff`, `base_user`.`is_active`, `base_user`.`date_joined`, `base_user`.`password`, `base_user`.`email`, `base_user`.`address`, `base_user`.`birthdate` FROM `base_user` WHERE `base_user`.`username` = 'eddie' LIMIT 21; args=('eddie',); alias=default
2024-06-29 10:32:17,737 - INFO - "POST /login/ HTTP/1.1" 200 785
2024-06-29 10:32:17,783 - DEBUG - (0.000) SET SESSION TRANSACTION ISOLATION LEVEL READ COMMITTED; args=None; alias=default
2024-06-29 10:32:17,785 - DEBUG - (0.000) SELECT `base_user`.`id`, `base_user`.`last_login`, `base_user`.`is_superuser`, `base_user`.`username`, `base_user`.`first_name`, `base_user`.`last_name`, `base_user`.`is_staff`, `base_user`.`is_active`, `base_user`.`date_joined`, `base_user`.`password`, `base_user`.`email`, `base_user`.`address`, `base_user`.`birthdate` FROM `base_user` WHERE `base_user`.`id` = 3 LIMIT 21; args=(3,); alias=default
2024-06-29 10:32:17,787 - DEBUG - (0.000) SELECT `base_user`.`id`, `base_user`.`last_login`, `base_user`.`is_superuser`, `base_user`.`username`, `base_user`.`first_name`, `base_user`.`last_name`, `base_user`.`is_staff`, `base_user`.`is_active`, `base_user`.`date_joined`, `base_user`.`password`, `base_user`.`email`, `base_user`.`address`, `base_user`.`birthdate` FROM `base_user` WHERE `base_user`.`username` = 'eddie' LIMIT 21; args=('eddie',); alias=default
2024-06-29 10:32:17,790 - INFO - "GET /profile/ HTTP/1.1" 200 114
2024-06-29 10:58:53,270 - DEBUG - (0.000) 
                SELECT VERSION(),
                       @@sql_mode,
                       @@default_storage_engine,
                       @@sql_auto_is_null,
                       @@lower_case_table_names,
                       CONVERT_TZ('2001-01-01 01:00:00', 'UTC', 'UTC') IS NOT NULL
            ; args=None; alias=default
2024-06-29 10:58:53,271 - DEBUG - (0.000) SET SESSION TRANSACTION ISOLATION LEVEL READ COMMITTED; args=None; alias=default
2024-06-29 10:58:53,273 - DEBUG - (0.000) SELECT `base_user`.`id`, `base_user`.`last_login`, `base_user`.`is_superuser`, `base_user`.`username`, `base_user`.`first_name`, `base_user`.`last_name`, `base_user`.`is_staff`, `base_user`.`is_active`, `base_user`.`date_joined`, `base_user`.`password`, `base_user`.`email`, `base_user`.`address`, `base_user`.`birthdate` FROM `base_user` WHERE `base_user`.`username` = 'eddie' LIMIT 21; args=('eddie',); alias=default
2024-06-29 10:58:54,499 - INFO - "POST /login/ HTTP/1.1" 200 785
2024-06-29 11:01:07,095 - DEBUG - (0.000) SET SESSION TRANSACTION ISOLATION LEVEL READ COMMITTED; args=None; alias=default
2024-06-29 11:01:07,097 - DEBUG - (0.000) SELECT `base_user`.`id`, `base_user`.`last_login`, `base_user`.`is_superuser`, `base_user`.`username`, `base_user`.`first_name`, `base_user`.`last_name`, `base_user`.`is_staff`, `base_user`.`is_active`, `base_user`.`date_joined`, `base_user`.`password`, `base_user`.`email`, `base_user`.`address`, `base_user`.`birthdate` FROM `base_user` WHERE `base_user`.`username` = 'eddie' LIMIT 21; args=('eddie',); alias=default
2024-06-29 11:01:08,046 - DEBUG - (0.000) SELECT `base_user`.`id`, `base_user`.`last_login`, `base_user`.`is_superuser`, `base_user`.`username`, `base_user`.`first_name`, `base_user`.`last_name`, `base_user`.`is_staff`, `base_user`.`is_active`, `base_user`.`date_joined`, `base_user`.`password`, `base_user`.`email`, `base_user`.`address`, `base_user`.`birthdate` FROM `base_user` WHERE `base_user`.`username` LIKE 'eddie' LIMIT 21; args=('eddie',); alias=default
2024-06-29 11:01:09,041 - WARNING - Unauthorized: /login/
2024-06-29 11:01:09,042 - WARNING - "POST /login/ HTTP/1.1" 401 63
2024-06-29 11:01:12,922 - DEBUG - (0.000) SET SESSION TRANSACTION ISOLATION LEVEL READ COMMITTED; args=None; alias=default
2024-06-29 11:01:12,943 - DEBUG - (0.015) SELECT `base_user`.`id`, `base_user`.`last_login`, `base_user`.`is_superuser`, `base_user`.`username`, `base_user`.`first_name`, `base_user`.`last_name`, `base_user`.`is_staff`, `base_user`.`is_active`, `base_user`.`date_joined`, `base_user`.`password`, `base_user`.`email`, `base_user`.`address`, `base_user`.`birthdate` FROM `base_user` WHERE `base_user`.`username` = 'eddie' LIMIT 21; args=('eddie',); alias=default
2024-06-29 11:01:14,060 - INFO - "POST /login/ HTTP/1.1" 200 785
2024-06-29 11:04:49,722 - DEBUG - (0.000) SET SESSION TRANSACTION ISOLATION LEVEL READ COMMITTED; args=None; alias=default
2024-06-29 11:04:49,724 - DEBUG - (0.000) SELECT `base_user`.`id`, `base_user`.`last_login`, `base_user`.`is_superuser`, `base_user`.`username`, `base_user`.`first_name`, `base_user`.`last_name`, `base_user`.`is_staff`, `base_user`.`is_active`, `base_user`.`date_joined`, `base_user`.`password`, `base_user`.`email`, `base_user`.`address`, `base_user`.`birthdate` FROM `base_user` WHERE `base_user`.`username` = 'eddie' LIMIT 21; args=('eddie',); alias=default
2024-06-29 11:04:50,614 - INFO - "POST /login/ HTTP/1.1" 200 785
2024-06-29 11:05:55,933 - WARNING - Unauthorized: /profile/
2024-06-29 11:05:55,935 - WARNING - "GET /profile/ HTTP/1.1" 401 183
2024-06-29 11:07:21,057 - DEBUG - (0.000) SET SESSION TRANSACTION ISOLATION LEVEL READ COMMITTED; args=None; alias=default
2024-06-29 11:07:21,060 - DEBUG - (0.000) SELECT `base_user`.`id`, `base_user`.`last_login`, `base_user`.`is_superuser`, `base_user`.`username`, `base_user`.`first_name`, `base_user`.`last_name`, `base_user`.`is_staff`, `base_user`.`is_active`, `base_user`.`date_joined`, `base_user`.`password`, `base_user`.`email`, `base_user`.`address`, `base_user`.`birthdate` FROM `base_user` WHERE `base_user`.`username` = 'eddie' LIMIT 21; args=('eddie',); alias=default
2024-06-29 11:07:22,088 - INFO - "POST /login/ HTTP/1.1" 200 785
2024-06-29 11:14:26,871 - DEBUG - (0.016) 
                SELECT VERSION(),
                       @@sql_mode,
                       @@default_storage_engine,
                       @@sql_auto_is_null,
                       @@lower_case_table_names,
                       CONVERT_TZ('2001-01-01 01:00:00', 'UTC', 'UTC') IS NOT NULL
            ; args=None; alias=default
2024-06-29 11:14:26,872 - DEBUG - (0.000) SET SESSION TRANSACTION ISOLATION LEVEL READ COMMITTED; args=None; alias=default
2024-06-29 11:14:26,875 - DEBUG - (0.000) SELECT `base_user`.`id`, `base_user`.`last_login`, `base_user`.`is_superuser`, `base_user`.`username`, `base_user`.`first_name`, `base_user`.`last_name`, `base_user`.`is_staff`, `base_user`.`is_active`, `base_user`.`date_joined`, `base_user`.`password`, `base_user`.`email`, `base_user`.`address`, `base_user`.`birthdate` FROM `base_user` WHERE `base_user`.`username` = 'eddie' LIMIT 21; args=('eddie',); alias=default
2024-06-29 11:14:27,993 - INFO - "POST /login/ HTTP/1.1" 200 785
2024-06-29 11:18:16,068 - DEBUG - (0.000) 
                SELECT VERSION(),
                       @@sql_mode,
                       @@default_storage_engine,
                       @@sql_auto_is_null,
                       @@lower_case_table_names,
                       CONVERT_TZ('2001-01-01 01:00:00', 'UTC', 'UTC') IS NOT NULL
            ; args=None; alias=default
2024-06-29 11:18:16,070 - DEBUG - (0.000) SET SESSION TRANSACTION ISOLATION LEVEL READ COMMITTED; args=None; alias=default
2024-06-29 11:18:16,072 - DEBUG - (0.016) SELECT `base_user`.`id`, `base_user`.`last_login`, `base_user`.`is_superuser`, `base_user`.`username`, `base_user`.`first_name`, `base_user`.`last_name`, `base_user`.`is_staff`, `base_user`.`is_active`, `base_user`.`date_joined`, `base_user`.`password`, `base_user`.`email`, `base_user`.`address`, `base_user`.`birthdate` FROM `base_user` WHERE `base_user`.`username` = 'fofo' LIMIT 21; args=('fofo',); alias=default
2024-06-29 11:18:17,343 - INFO - "POST /login/ HTTP/1.1" 200 795
2024-06-29 11:20:26,523 - DEBUG - (0.079) 
                SELECT VERSION(),
                       @@sql_mode,
                       @@default_storage_engine,
                       @@sql_auto_is_null,
                       @@lower_case_table_names,
                       CONVERT_TZ('2001-01-01 01:00:00', 'UTC', 'UTC') IS NOT NULL
            ; args=None; alias=default
2024-06-29 11:20:26,524 - DEBUG - (0.000) SET SESSION TRANSACTION ISOLATION LEVEL READ COMMITTED; args=None; alias=default
2024-06-29 11:20:26,525 - DEBUG - (0.000) SELECT `base_user`.`id`, `base_user`.`last_login`, `base_user`.`is_superuser`, `base_user`.`username`, `base_user`.`first_name`, `base_user`.`last_name`, `base_user`.`is_staff`, `base_user`.`is_active`, `base_user`.`date_joined`, `base_user`.`password`, `base_user`.`email`, `base_user`.`address`, `base_user`.`birthdate` FROM `base_user` WHERE `base_user`.`username` = 'fofo' LIMIT 21; args=('fofo',); alias=default
2024-06-29 11:20:27,506 - INFO - "POST /login/ HTTP/1.1" 200 795
2024-06-29 11:21:10,280 - DEBUG - (0.000) 
                SELECT VERSION(),
                       @@sql_mode,
                       @@default_storage_engine,
                       @@sql_auto_is_null,
                       @@lower_case_table_names,
                       CONVERT_TZ('2001-01-01 01:00:00', 'UTC', 'UTC') IS NOT NULL
            ; args=None; alias=default
2024-06-29 11:21:10,281 - DEBUG - (0.000) SET SESSION TRANSACTION ISOLATION LEVEL READ COMMITTED; args=None; alias=default
2024-06-29 11:21:10,283 - DEBUG - (0.000) SELECT `base_user`.`id`, `base_user`.`last_login`, `base_user`.`is_superuser`, `base_user`.`username`, `base_user`.`first_name`, `base_user`.`last_name`, `base_user`.`is_staff`, `base_user`.`is_active`, `base_user`.`date_joined`, `base_user`.`password`, `base_user`.`email`, `base_user`.`address`, `base_user`.`birthdate` FROM `base_user` WHERE `base_user`.`username` = 'eddie' LIMIT 21; args=('eddie',); alias=default
2024-06-29 11:21:11,627 - INFO - "POST /login/ HTTP/1.1" 200 785
2024-06-29 11:25:35,567 - DEBUG - (0.000) 
                SELECT VERSION(),
                       @@sql_mode,
                       @@default_storage_engine,
                       @@sql_auto_is_null,
                       @@lower_case_table_names,
                       CONVERT_TZ('2001-01-01 01:00:00', 'UTC', 'UTC') IS NOT NULL
            ; args=None; alias=default
2024-06-29 11:25:35,568 - DEBUG - (0.000) SET SESSION TRANSACTION ISOLATION LEVEL READ COMMITTED; args=None; alias=default
2024-06-29 11:25:35,570 - DEBUG - (0.000) SELECT `base_user`.`id`, `base_user`.`last_login`, `base_user`.`is_superuser`, `base_user`.`username`, `base_user`.`first_name`, `base_user`.`last_name`, `base_user`.`is_staff`, `base_user`.`is_active`, `base_user`.`date_joined`, `base_user`.`password`, `base_user`.`email`, `base_user`.`address`, `base_user`.`birthdate` FROM `base_user` WHERE `base_user`.`username` = 'eddie' LIMIT 21; args=('eddie',); alias=default
2024-06-29 11:25:36,769 - INFO - "POST /login/ HTTP/1.1" 200 785
2024-06-29 11:25:38,156 - DEBUG - (0.000) 
                SELECT VERSION(),
                       @@sql_mode,
                       @@default_storage_engine,
                       @@sql_auto_is_null,
                       @@lower_case_table_names,
                       CONVERT_TZ('2001-01-01 01:00:00', 'UTC', 'UTC') IS NOT NULL
            ; args=None; alias=default
2024-06-29 11:25:38,158 - DEBUG - (0.000) SET SESSION TRANSACTION ISOLATION LEVEL READ COMMITTED; args=None; alias=default
2024-06-29 11:25:38,160 - DEBUG - (0.000) SELECT `base_user`.`id`, `base_user`.`last_login`, `base_user`.`is_superuser`, `base_user`.`username`, `base_user`.`first_name`, `base_user`.`last_name`, `base_user`.`is_staff`, `base_user`.`is_active`, `base_user`.`date_joined`, `base_user`.`password`, `base_user`.`email`, `base_user`.`address`, `base_user`.`birthdate` FROM `base_user` WHERE `base_user`.`id` = 3 LIMIT 21; args=(3,); alias=default
2024-06-29 11:25:38,163 - DEBUG - (0.000) SELECT `base_user`.`id`, `base_user`.`last_login`, `base_user`.`is_superuser`, `base_user`.`username`, `base_user`.`first_name`, `base_user`.`last_name`, `base_user`.`is_staff`, `base_user`.`is_active`, `base_user`.`date_joined`, `base_user`.`password`, `base_user`.`email`, `base_user`.`address`, `base_user`.`birthdate` FROM `base_user` WHERE `base_user`.`username` = 'eddie' LIMIT 21; args=('eddie',); alias=default
2024-06-29 11:25:38,167 - INFO - "GET /profile/ HTTP/1.1" 200 114
2024-06-29 11:33:17,355 - DEBUG - (0.000) 
                SELECT VERSION(),
                       @@sql_mode,
                       @@default_storage_engine,
                       @@sql_auto_is_null,
                       @@lower_case_table_names,
                       CONVERT_TZ('2001-01-01 01:00:00', 'UTC', 'UTC') IS NOT NULL
            ; args=None; alias=default
2024-06-29 11:33:17,356 - DEBUG - (0.000) SET SESSION TRANSACTION ISOLATION LEVEL READ COMMITTED; args=None; alias=default
2024-06-29 11:33:17,358 - DEBUG - (0.000) SELECT `base_user`.`id`, `base_user`.`last_login`, `base_user`.`is_superuser`, `base_user`.`username`, `base_user`.`first_name`, `base_user`.`last_name`, `base_user`.`is_staff`, `base_user`.`is_active`, `base_user`.`date_joined`, `base_user`.`password`, `base_user`.`email`, `base_user`.`address`, `base_user`.`birthdate` FROM `base_user` WHERE `base_user`.`username` = 'eddie' LIMIT 21; args=('eddie',); alias=default
2024-06-29 11:33:18,938 - INFO - "POST /login/ HTTP/1.1" 200 785
2024-06-29 11:38:09,801 - DEBUG - (0.000) 
                SELECT VERSION(),
                       @@sql_mode,
                       @@default_storage_engine,
                       @@sql_auto_is_null,
                       @@lower_case_table_names,
                       CONVERT_TZ('2001-01-01 01:00:00', 'UTC', 'UTC') IS NOT NULL
            ; args=None; alias=default
2024-06-29 11:38:09,803 - DEBUG - (0.000) SET SESSION TRANSACTION ISOLATION LEVEL READ COMMITTED; args=None; alias=default
2024-06-29 11:38:09,805 - DEBUG - (0.000) SELECT `base_user`.`id`, `base_user`.`last_login`, `base_user`.`is_superuser`, `base_user`.`username`, `base_user`.`first_name`, `base_user`.`last_name`, `base_user`.`is_staff`, `base_user`.`is_active`, `base_user`.`date_joined`, `base_user`.`password`, `base_user`.`email`, `base_user`.`address`, `base_user`.`birthdate` FROM `base_user` WHERE `base_user`.`username` = 'eddie' LIMIT 21; args=('eddie',); alias=default
2024-06-29 11:38:11,537 - INFO - "POST /login/ HTTP/1.1" 200 785
2024-06-29 11:39:25,115 - INFO - "OPTIONS /register/ HTTP/1.1" 200 0
2024-06-29 11:39:25,127 - DEBUG - (0.000) SET SESSION TRANSACTION ISOLATION LEVEL READ COMMITTED; args=None; alias=default
2024-06-29 11:39:25,131 - DEBUG - (0.000) SELECT 1 AS `a` FROM `base_user` WHERE `base_user`.`username` = 'mikel' LIMIT 1; args=(1, 'mikel'); alias=default
2024-06-29 11:39:25,135 - DEBUG - (0.016) SELECT 1 AS `a` FROM `base_user` WHERE `base_user`.`email` = 'miki123123@gmail.com' LIMIT 1; args=(1, 'miki123123@gmail.com'); alias=default
2024-06-29 11:39:25,169 - DEBUG - (0.031) INSERT INTO `base_user` (`last_login`, `is_superuser`, `username`, `first_name`, `last_name`, `is_staff`, `is_active`, `date_joined`, `password`, `email`, `address`, `birthdate`) VALUES (NULL, 0, 'mikel', '', '', 0, 1, '2024-06-29 08:39:25.136369', '', 'miki123123@gmail.com', 'lufluf 43 , ramat shasu , Israel', '1971-07-02'); args=[None, False, 'mikel', '', '', False, True, '2024-06-29 08:39:25.136369', '', 'miki123123@gmail.com', 'lufluf 43 , ramat shasu , Israel', '1971-07-02']; alias=default
2024-06-29 11:39:26,234 - DEBUG - (0.015) UPDATE `base_user` SET `last_login` = NULL, `is_superuser` = 0, `username` = 'mikel', `first_name` = '', `last_name` = '', `is_staff` = 0, `is_active` = 1, `date_joined` = '2024-06-29 08:39:25.136369', `password` = 'pbkdf2_sha256$390000$QHagewzCg0zuibcCQt5sNe$UGJMKLXXQkrWVHdIY+/nnVE9oGm/QUr3CNHx/bwUrqI=', `email` = 'miki123123@gmail.com', `address` = 'lufluf 43 , ramat shasu , Israel', `birthdate` = '1971-07-02' WHERE `base_user`.`id` = 13; args=(False, 'mikel', '', '', False, True, '2024-06-29 08:39:25.136369', 'pbkdf2_sha256$390000$QHagewzCg0zuibcCQt5sNe$UGJMKLXXQkrWVHdIY+/nnVE9oGm/QUr3CNHx/bwUrqI=', 'miki123123@gmail.com', 'lufluf 43 , ramat shasu , Israel', '1971-07-02', 13); alias=default
2024-06-29 11:39:26,237 - INFO - "POST /register/ HTTP/1.1" 201 527
2024-06-29 11:39:40,151 - DEBUG - (0.000) SET SESSION TRANSACTION ISOLATION LEVEL READ COMMITTED; args=None; alias=default
2024-06-29 11:39:40,153 - DEBUG - (0.000) SELECT `base_user`.`id`, `base_user`.`last_login`, `base_user`.`is_superuser`, `base_user`.`username`, `base_user`.`first_name`, `base_user`.`last_name`, `base_user`.`is_staff`, `base_user`.`is_active`, `base_user`.`date_joined`, `base_user`.`password`, `base_user`.`email`, `base_user`.`address`, `base_user`.`birthdate` FROM `base_user` WHERE `base_user`.`username` = 'mikel' LIMIT 21; args=('mikel',); alias=default
2024-06-29 11:39:41,016 - INFO - "POST /login/ HTTP/1.1" 200 806
2024-06-29 11:39:43,300 - DEBUG - (0.000) SET SESSION TRANSACTION ISOLATION LEVEL READ COMMITTED; args=None; alias=default
2024-06-29 11:39:43,303 - DEBUG - (0.000) SELECT `base_user`.`id`, `base_user`.`last_login`, `base_user`.`is_superuser`, `base_user`.`username`, `base_user`.`first_name`, `base_user`.`last_name`, `base_user`.`is_staff`, `base_user`.`is_active`, `base_user`.`date_joined`, `base_user`.`password`, `base_user`.`email`, `base_user`.`address`, `base_user`.`birthdate` FROM `base_user` WHERE `base_user`.`id` = 13 LIMIT 21; args=(13,); alias=default
2024-06-29 11:39:43,308 - DEBUG - (0.000) SELECT `base_user`.`id`, `base_user`.`last_login`, `base_user`.`is_superuser`, `base_user`.`username`, `base_user`.`first_name`, `base_user`.`last_name`, `base_user`.`is_staff`, `base_user`.`is_active`, `base_user`.`date_joined`, `base_user`.`password`, `base_user`.`email`, `base_user`.`address`, `base_user`.`birthdate` FROM `base_user` WHERE `base_user`.`username` = 'mikel' LIMIT 21; args=('mikel',); alias=default
2024-06-29 11:39:43,312 - INFO - "GET /profile/ HTTP/1.1" 200 121
