[2025-02-08 16:07:15 +0000] [1] [INFO] Starting gunicorn 23.0.0
[2025-02-08 16:07:15 +0000] [1] [INFO] Listening at: http://0.0.0.0:7625 (1)
[2025-02-08 16:07:15 +0000] [1] [INFO] Using worker: sync
[2025-02-08 16:07:15 +0000] [19] [INFO] Booting worker with pid: 19
[2025-02-08 16:12:26 +0000] [1] [INFO] Handling signal: term
[2025-02-08 16:12:26 +0000] [19] [INFO] Worker exiting (pid: 19)
[2025-02-08 16:12:27 +0000] [1] [INFO] Shutting down: Master
[2025-02-08 16:57:39 +0000] [1] [INFO] Starting gunicorn 23.0.0
[2025-02-08 16:57:39 +0000] [1] [INFO] Listening at: http://0.0.0.0:7625 (1)
[2025-02-08 16:57:39 +0000] [1] [INFO] Using worker: sync
[2025-02-08 16:57:39 +0000] [20] [INFO] Booting worker with pid: 20
[2025-02-08 16:59:35 +0000] [1] [INFO] Handling signal: term
[2025-02-08 16:59:35 +0000] [20] [INFO] Worker exiting (pid: 20)
[2025-02-08 16:59:36 +0000] [1] [INFO] Shutting down: Master
[2025-02-08 17:26:17 +0000] [1] [INFO] Starting gunicorn 23.0.0
[2025-02-08 17:26:17 +0000] [1] [INFO] Listening at: http://0.0.0.0:7625 (1)
[2025-02-08 17:26:17 +0000] [1] [INFO] Using worker: sync
[2025-02-08 17:26:17 +0000] [20] [INFO] Booting worker with pid: 20
[2025-02-08 17:30:04 +0000] [1] [INFO] Handling signal: term
[2025-02-08 17:30:04 +0000] [20] [INFO] Worker exiting (pid: 20)
[2025-02-08 17:30:05 +0000] [1] [INFO] Shutting down: Master
[2025-02-08 18:05:15 +0000] [1] [INFO] Starting gunicorn 23.0.0
[2025-02-08 18:05:15 +0000] [1] [INFO] Listening at: http://0.0.0.0:7625 (1)
[2025-02-08 18:05:15 +0000] [1] [INFO] Using worker: sync
[2025-02-08 18:05:15 +0000] [19] [INFO] Booting worker with pid: 19
[2025-02-08 18:07:20 +0000] [1] [INFO] Handling signal: term
[2025-02-08 18:07:20 +0000] [19] [INFO] Worker exiting (pid: 19)
[2025-02-08 18:07:21 +0000] [1] [INFO] Shutting down: Master
[2025-02-08 18:14:24 +0000] [1] [INFO] Starting gunicorn 23.0.0
[2025-02-08 18:14:24 +0000] [1] [INFO] Listening at: http://0.0.0.0:7625 (1)
[2025-02-08 18:14:24 +0000] [1] [INFO] Using worker: sync
[2025-02-08 18:14:24 +0000] [19] [INFO] Booting worker with pid: 19
[2025-02-08 18:20:31 +0000] [1] [INFO] Handling signal: term
[2025-02-08 18:20:31 +0000] [19] [INFO] Worker exiting (pid: 19)
[2025-02-08 18:20:31 +0000] [1] [INFO] Shutting down: Master
[2025-02-08 18:32:00 +0000] [1] [INFO] Starting gunicorn 23.0.0
[2025-02-08 18:32:00 +0000] [1] [INFO] Listening at: http://0.0.0.0:7625 (1)
[2025-02-08 18:32:00 +0000] [1] [INFO] Using worker: sync
[2025-02-08 18:32:00 +0000] [20] [INFO] Booting worker with pid: 20
[2025-02-08 18:34:42 +0000] [1] [INFO] Handling signal: term
[2025-02-08 18:34:42 +0000] [20] [INFO] Worker exiting (pid: 20)
[2025-02-08 18:34:42 +0000] [1] [INFO] Shutting down: Master
